<?xml version="1.0" encoding="UTF-8"?>
<!-- Generated by org.testng.reporters.JUnitReportReporter -->
<testsuite skipped="0" hostname="INadmins-MacBook-Pro-2.local" name="TestngSample" tests="1" failures="0" timestamp="09 Dec 2019 06:41:31 GMT" time="5.317" errors="0">
  <testcase name="VerifyLoginLogout" time="5.317" classname="TestngSample"/>
</testsuite> <!-- TestngSample -->
